<?xml version="1.0" encoding="UTF-8"?>
<robot generator="Robot 6.0.2 (Python 3.11.1 on win32)" generated="20230206 15:54:32.055" rpa="false" schemaversion="3">
<suite id="s1" name="SetupAndTearDown Tags" source="C:\Users\Mohamedk\PycharmProjects\pythonProject3\Tests\SetupAndTearDown_Tags.robot">
<kw name="Log To Console" library="BuiltIn" type="SETUP">
<arg>Opining Browser</arg>
<doc>Logs the given message to the console.</doc>
<status status="PASS" starttime="20230206 15:54:32.080" endtime="20230206 15:54:32.081"/>
</kw>
<test id="s1-t1" name="TC1 Prepaid Recharge" line="10">
<kw name="Log To Console" library="BuiltIn" type="SETUP">
<arg>Login to application</arg>
<doc>Logs the given message to the console.</doc>
<status status="PASS" starttime="20230206 15:54:32.081" endtime="20230206 15:54:32.082"/>
</kw>
<kw name="Log To Console" library="BuiltIn">
<arg>This is prepaid recharge testcase</arg>
<doc>Logs the given message to the console.</doc>
<status status="PASS" starttime="20230206 15:54:32.082" endtime="20230206 15:54:32.082"/>
</kw>
<kw name="Log To Console" library="BuiltIn" type="TEARDOWN">
<arg>Logout from application</arg>
<doc>Logs the given message to the console.</doc>
<status status="PASS" starttime="20230206 15:54:32.083" endtime="20230206 15:54:32.083"/>
</kw>
<tag>sanity</tag>
<status status="PASS" starttime="20230206 15:54:32.081" endtime="20230206 15:54:32.083"/>
</test>
<test id="s1-t2" name="TC3 Search" line="16">
<kw name="Log To Console" library="BuiltIn" type="SETUP">
<arg>Login to application</arg>
<doc>Logs the given message to the console.</doc>
<status status="PASS" starttime="20230206 15:54:32.085" endtime="20230206 15:54:32.085"/>
</kw>
<kw name="Log To Console" library="BuiltIn">
<arg>This is Search testcase</arg>
<doc>Logs the given message to the console.</doc>
<status status="PASS" starttime="20230206 15:54:32.085" endtime="20230206 15:54:32.085"/>
</kw>
<kw name="Log To Console" library="BuiltIn" type="TEARDOWN">
<arg>Logout from application</arg>
<doc>Logs the given message to the console.</doc>
<status status="PASS" starttime="20230206 15:54:32.086" endtime="20230206 15:54:32.086"/>
</kw>
<tag>sanity</tag>
<status status="PASS" starttime="20230206 15:54:32.084" endtime="20230206 15:54:32.086"/>
</test>
<kw name="Log To Console" library="BuiltIn" type="TEARDOWN">
<arg>Closing Browser</arg>
<doc>Logs the given message to the console.</doc>
<status status="PASS" starttime="20230206 15:54:32.087" endtime="20230206 15:54:32.087"/>
</kw>
<status status="PASS" starttime="20230206 15:54:32.057" endtime="20230206 15:54:32.087"/>
</suite>
<statistics>
<total>
<stat pass="2" fail="0" skip="0">All Tests</stat>
</total>
<tag>
<stat pass="2" fail="0" skip="0">sanity</stat>
</tag>
<suite>
<stat pass="2" fail="0" skip="0" id="s1" name="SetupAndTearDown Tags">SetupAndTearDown Tags</stat>
</suite>
</statistics>
<errors>
</errors>
</robot>
