<?xml version="1.0" encoding="UTF-8"?>
<robot generator="Robot 6.0.2 (Python 3.11.1 on win32)" generated="20230206 15:36:30.194" rpa="false" schemaversion="3">
<suite id="s1" name="SetupAndTearDown Tags" source="C:\Users\Mohamedk\PycharmProjects\pythonProject3\Tests\SetupAndTearDown_Tags.robot">
<kw name="Log To Console" library="BuiltIn" type="SETUP">
<arg>Opining Browser</arg>
<doc>Logs the given message to the console.</doc>
<status status="PASS" starttime="20230206 15:36:30.220" endtime="20230206 15:36:30.221"/>
</kw>
<test id="s1-t1" name="TC1 Prepaid Recharge" line="10">
<kw name="Log To Console" library="BuiltIn" type="SETUP">
<arg>Login to application</arg>
<doc>Logs the given message to the console.</doc>
<status status="PASS" starttime="20230206 15:36:30.221" endtime="20230206 15:36:30.222"/>
</kw>
<kw name="Log To Console" library="BuiltIn">
<arg>This is prepaid recharge testcase</arg>
<doc>Logs the given message to the console.</doc>
<status status="PASS" starttime="20230206 15:36:30.222" endtime="20230206 15:36:30.223"/>
</kw>
<kw name="Log To Console" library="BuiltIn" type="TEARDOWN">
<arg>Logout from application</arg>
<doc>Logs the given message to the console.</doc>
<status status="PASS" starttime="20230206 15:36:30.223" endtime="20230206 15:36:30.223"/>
</kw>
<tag>sanity</tag>
<status status="PASS" starttime="20230206 15:36:30.221" endtime="20230206 15:36:30.224"/>
</test>
<test id="s1-t2" name="TC2 Postpaid Recharge" line="13">
<kw name="Log To Console" library="BuiltIn" type="SETUP">
<arg>Login to application</arg>
<doc>Logs the given message to the console.</doc>
<status status="PASS" starttime="20230206 15:36:30.225" endtime="20230206 15:36:30.226"/>
</kw>
<kw name="Log To Console" library="BuiltIn">
<arg>This is postpaid recharge testcase</arg>
<doc>Logs the given message to the console.</doc>
<status status="PASS" starttime="20230206 15:36:30.226" endtime="20230206 15:36:30.226"/>
</kw>
<kw name="Log To Console" library="BuiltIn" type="TEARDOWN">
<arg>Logout from application</arg>
<doc>Logs the given message to the console.</doc>
<status status="PASS" starttime="20230206 15:36:30.227" endtime="20230206 15:36:30.227"/>
</kw>
<tag>regression</tag>
<status status="PASS" starttime="20230206 15:36:30.225" endtime="20230206 15:36:30.228"/>
</test>
<test id="s1-t3" name="TC3 Search" line="16">
<kw name="Log To Console" library="BuiltIn" type="SETUP">
<arg>Login to application</arg>
<doc>Logs the given message to the console.</doc>
<status status="PASS" starttime="20230206 15:36:30.229" endtime="20230206 15:36:30.229"/>
</kw>
<kw name="Log To Console" library="BuiltIn">
<arg>This is Search testcase</arg>
<doc>Logs the given message to the console.</doc>
<status status="PASS" starttime="20230206 15:36:30.229" endtime="20230206 15:36:30.230"/>
</kw>
<kw name="Log To Console" library="BuiltIn" type="TEARDOWN">
<arg>Logout from application</arg>
<doc>Logs the given message to the console.</doc>
<status status="PASS" starttime="20230206 15:36:30.230" endtime="20230206 15:36:30.230"/>
</kw>
<tag>sanity</tag>
<status status="PASS" starttime="20230206 15:36:30.228" endtime="20230206 15:36:30.231"/>
</test>
<test id="s1-t4" name="TC4 Advenced Search" line="19">
<kw name="Log To Console" library="BuiltIn" type="SETUP">
<arg>Login to application</arg>
<doc>Logs the given message to the console.</doc>
<status status="PASS" starttime="20230206 15:36:30.232" endtime="20230206 15:36:30.232"/>
</kw>
<kw name="Log To Console" library="BuiltIn">
<arg>This is advenced Search testcase</arg>
<doc>Logs the given message to the console.</doc>
<status status="PASS" starttime="20230206 15:36:30.232" endtime="20230206 15:36:30.233"/>
</kw>
<kw name="Log To Console" library="BuiltIn" type="TEARDOWN">
<arg>Logout from application</arg>
<doc>Logs the given message to the console.</doc>
<status status="PASS" starttime="20230206 15:36:30.233" endtime="20230206 15:36:30.233"/>
</kw>
<tag>regression</tag>
<status status="PASS" starttime="20230206 15:36:30.231" endtime="20230206 15:36:30.234"/>
</test>
<kw name="Log To Console" library="BuiltIn" type="TEARDOWN">
<arg>Closing Browser</arg>
<doc>Logs the given message to the console.</doc>
<status status="PASS" starttime="20230206 15:36:30.235" endtime="20230206 15:36:30.235"/>
</kw>
<status status="PASS" starttime="20230206 15:36:30.196" endtime="20230206 15:36:30.235"/>
</suite>
<statistics>
<total>
<stat pass="4" fail="0" skip="0">All Tests</stat>
</total>
<tag>
<stat pass="2" fail="0" skip="0">regression</stat>
<stat pass="2" fail="0" skip="0">sanity</stat>
</tag>
<suite>
<stat pass="4" fail="0" skip="0" id="s1" name="SetupAndTearDown Tags">SetupAndTearDown Tags</stat>
</suite>
</statistics>
<errors>
</errors>
</robot>
